0 info it worked if it ends with ok
1 verbose cli [ '/Users/richg/.nvm/versions/node/v6.10.1/bin/node',
1 verbose cli   '/Users/richg/.nvm/versions/node/v6.10.1/bin/npm',
1 verbose cli   'publish' ]
2 info using npm@3.10.10
3 info using node@v6.10.1
4 verbose publish [ '.' ]
5 silly cache add args [ '.', null ]
6 verbose cache add spec .
7 silly cache add parsed spec Result {
7 silly cache add   raw: '.',
7 silly cache add   scope: null,
7 silly cache add   escapedName: null,
7 silly cache add   name: null,
7 silly cache add   rawSpec: '.',
7 silly cache add   spec: '/Users/richg/git/@grubstarstar/redux-api-client',
7 silly cache add   type: 'directory' }
8 verbose addLocalDirectory /Users/richg/.npm/@grubstarstar/redux-api-client/0.1.1/package.tgz not in flight; packing
9 verbose correctMkdir /Users/richg/.npm correctMkdir not in flight; initializing
10 info lifecycle @grubstarstar/redux-api-client@0.1.1~prepublish: @grubstarstar/redux-api-client@0.1.1
11 silly lifecycle @grubstarstar/redux-api-client@0.1.1~prepublish: no script for prepublish, continuing
12 verbose tar pack [ '/Users/richg/.npm/@grubstarstar/redux-api-client/0.1.1/package.tgz',
12 verbose tar pack   '/Users/richg/git/@grubstarstar/redux-api-client' ]
13 verbose tarball /Users/richg/.npm/@grubstarstar/redux-api-client/0.1.1/package.tgz
14 verbose folder /Users/richg/git/@grubstarstar/redux-api-client
15 verbose addLocalTarball adding from inside cache /Users/richg/.npm/@grubstarstar/redux-api-client/0.1.1/package.tgz
16 verbose correctMkdir /Users/richg/.npm correctMkdir not in flight; initializing
17 silly cache afterAdd @grubstarstar/redux-api-client@0.1.1
18 verbose afterAdd /Users/richg/.npm/@grubstarstar/redux-api-client/0.1.1/package/package.json not in flight; writing
19 verbose correctMkdir /Users/richg/.npm correctMkdir not in flight; initializing
20 verbose afterAdd /Users/richg/.npm/@grubstarstar/redux-api-client/0.1.1/package/package.json written
21 silly publish { name: '@grubstarstar/redux-api-client',
21 silly publish   version: '0.1.1',
21 silly publish   description: 'A wrapper around \'fetch\' for consistent api calls, including auth and default error handling.',
21 silly publish   main: 'index.js',
21 silly publish   scripts: { test: 'echo "Error: no test specified" && exit 1' },
21 silly publish   keywords: [ 'redux', 'api', 'http', 'fetch' ],
21 silly publish   author: { name: 'Richard Garner', email: 'rich@richgarner.net' },
21 silly publish   license: 'ISC',
21 silly publish   readme: 'ERROR: No README data found!',
21 silly publish   _id: '@grubstarstar/redux-api-client@0.1.1',
21 silly publish   _shasum: '9b4cd7b2763518ac01a160b2d9b48af849cb986d',
21 silly publish   _from: '.' }
22 verbose getPublishConfig undefined
23 silly mapToRegistry name @grubstarstar/redux-api-client
24 silly mapToRegistry scope (from package name) @grubstarstar
25 verbose mapToRegistry no registry URL found in name for scope @grubstarstar
26 silly mapToRegistry using default registry
27 silly mapToRegistry registry https://registry.npmjs.org/
28 silly mapToRegistry data Result {
28 silly mapToRegistry   raw: '@grubstarstar/redux-api-client',
28 silly mapToRegistry   scope: '@grubstarstar',
28 silly mapToRegistry   escapedName: '@grubstarstar%2fredux-api-client',
28 silly mapToRegistry   name: '@grubstarstar/redux-api-client',
28 silly mapToRegistry   rawSpec: '',
28 silly mapToRegistry   spec: 'latest',
28 silly mapToRegistry   type: 'tag' }
29 silly mapToRegistry uri https://registry.npmjs.org/@grubstarstar%2fredux-api-client
30 verbose publish registryBase https://registry.npmjs.org/
31 silly publish uploading /Users/richg/.npm/@grubstarstar/redux-api-client/0.1.1/package.tgz
32 verbose request uri https://registry.npmjs.org/@grubstarstar%2fredux-api-client
33 verbose request sending authorization for write operation
34 info attempt registry request try #1 at 5:50:30 PM
35 verbose request using bearer token for auth
36 verbose request id 8c1e0d98aba56fb7
37 http request PUT https://registry.npmjs.org/@grubstarstar%2fredux-api-client
38 http 403 https://registry.npmjs.org/@grubstarstar%2fredux-api-client
39 verbose headers { 'content-type': 'application/json',
39 verbose headers   'cache-control': 'max-age=0',
39 verbose headers   'content-length': '95',
39 verbose headers   'accept-ranges': 'bytes',
39 verbose headers   date: 'Thu, 20 Apr 2017 07:50:31 GMT',
39 verbose headers   via: '1.1 varnish',
39 verbose headers   connection: 'keep-alive',
39 verbose headers   'x-served-by': 'cache-mel6523-MEL',
39 verbose headers   'x-cache': 'MISS',
39 verbose headers   'x-cache-hits': '0',
39 verbose headers   'x-timer': 'S1492674630.468409,VS0,VE790' }
40 verbose request invalidating /Users/richg/.npm/registry.npmjs.org/_40grubstarstar_252fredux-api-client on PUT
41 error publish Failed PUT 403
42 verbose stack Error: "You cannot publish over the previously published version 0.1.1." : @grubstarstar/redux-api-client
42 verbose stack     at makeError (/Users/richg/.nvm/versions/node/v6.10.1/lib/node_modules/npm/node_modules/npm-registry-client/lib/request.js:302:12)
42 verbose stack     at CachingRegistryClient.<anonymous> (/Users/richg/.nvm/versions/node/v6.10.1/lib/node_modules/npm/node_modules/npm-registry-client/lib/request.js:290:14)
42 verbose stack     at Request._callback (/Users/richg/.nvm/versions/node/v6.10.1/lib/node_modules/npm/node_modules/npm-registry-client/lib/request.js:210:14)
42 verbose stack     at Request.self.callback (/Users/richg/.nvm/versions/node/v6.10.1/lib/node_modules/npm/node_modules/request/request.js:187:22)
42 verbose stack     at emitTwo (events.js:106:13)
42 verbose stack     at Request.emit (events.js:191:7)
42 verbose stack     at Request.<anonymous> (/Users/richg/.nvm/versions/node/v6.10.1/lib/node_modules/npm/node_modules/request/request.js:1048:10)
42 verbose stack     at emitOne (events.js:96:13)
42 verbose stack     at Request.emit (events.js:188:7)
42 verbose stack     at IncomingMessage.<anonymous> (/Users/richg/.nvm/versions/node/v6.10.1/lib/node_modules/npm/node_modules/request/request.js:969:12)
43 verbose statusCode 403
44 verbose pkgid @grubstarstar/redux-api-client
45 verbose cwd /Users/richg/git/@grubstarstar/redux-api-client
46 error Darwin 16.3.0
47 error argv "/Users/richg/.nvm/versions/node/v6.10.1/bin/node" "/Users/richg/.nvm/versions/node/v6.10.1/bin/npm" "publish"
48 error node v6.10.1
49 error npm  v3.10.10
50 error code E403
51 error "You cannot publish over the previously published version 0.1.1." : @grubstarstar/redux-api-client
52 error If you need help, you may report this error at:
52 error     <https://github.com/npm/npm/issues>
53 verbose exit [ 1, true ]
